************* Module solver
python/solver.py(33): error C0303 : Trailing whitespace [at ]
python/solver.py(35): error C0303 : Trailing whitespace [at ]
python/solver.py(36): error C0303 : Trailing whitespace [at ]
python/solver.py(60): error C0303 : Trailing whitespace [at ]
python/solver.py(66): error C0303 : Trailing whitespace [at ]
python/solver.py(3): error C0116 : Missing function or method docstring [at solve]
python/solver.py(22): error C0116 : Missing function or method docstring [at valid]
python/solver.py(45): error C0116 : Missing function or method docstring [at print_board]
************* Module solver copy
python/solver copy.py(13): error C0303 : Trailing whitespace [at ]
python/solver copy.py(15): error C0303 : Trailing whitespace [at ]
python/solver copy.py(18): error C0303 : Trailing whitespace [at ]
python/solver copy.py(60): error C0303 : Trailing whitespace [at ]
python/solver copy.py(66): error C0303 : Trailing whitespace [at ]
python/solver copy.py(1): error C0103 : Module name "solver copy" doesn't conform to '^(_?[a-z][a-z0-9_]*|__init__)$' pattern [at ]
python/solver copy.py(3): error C0116 : Missing function or method docstring [at solve]
python/solver copy.py(22): error C0116 : Missing function or method docstring [at valid]
python/solver copy.py(45): error C0116 : Missing function or method docstring [at print_board]
************* Module GUI
python/GUI.py(17): error C0303 : Trailing whitespace [at ]
python/GUI.py(25): error C0301 : Line too long (104/80) [at ]
python/GUI.py(32): error C0301 : Line too long (93/80) [at ]
python/GUI.py(34): error C0303 : Trailing whitespace [at ]
python/GUI.py(128): error C0301 : Line too long (88/80) [at ]
python/GUI.py(9): error C0115 : Missing class docstring [at Grid]
python/GUI.py(34): error C0116 : Missing function or method docstring [at Grid.place]
python/GUI.py(52): error C0116 : Missing function or method docstring [at Grid.draw]
python/GUI.py(103): error C0115 : Missing class docstring [at Cube]
python/GUI.py(116): error C0116 : Missing function or method docstring [at Cube.draw]
python/GUI.py(140): error C0116 : Missing function or method docstring [at redraw_window]
python/GUI.py(140): error W0621 : Redefining name 'time' from outer scope (line 5) [at redraw_window]
python/GUI.py(156): error W0612 : Unused variable 'hour' [at format_time]
python/GUI.py(170): error R1702 : Too many nested blocks (6/5) [at main]
python/GUI.py(220): error C0121 : Comparison to None should be 'expr is not None' [at main]

------------------------------------------------------------------
Your code has been rated at 8.71/10 (previous run: 9.63/10, -0.92)

javascript/solver copy.js(3,1): error no-var : Unexpected var, use let or const instead.
javascript/solver copy.js(17,1): warning complexity : Function 'isValid' has a complexity of 5. Maximum allowed is 1.
javascript/solver copy.js(21,1): error max-len : This line has a length of 129. Maximum allowed is 80.
javascript/solver copy.js(21,21): error eqeqeq : Expected '===' and instead saw '=='.
javascript/solver copy.js(21,43): error eqeqeq : Expected '===' and instead saw '=='.
javascript/solver copy.js(21,63): error eqeqeq : Expected '===' and instead saw '=='.
javascript/solver copy.js(29,1): warning complexity : Function 'sodokoSolver' has a complexity of 7. Maximum allowed is 1.
javascript/solver copy.js(32,19): error eqeqeq : Expected '===' and instead saw '=='.
javascript/solver.js(3,1): error no-var : Unexpected var, use let or const instead.
javascript/solver.js(17,1): warning complexity : Function 'isValid' has a complexity of 5. Maximum allowed is 1.
javascript/solver.js(21,1): error max-len : This line has a length of 129. Maximum allowed is 80.
javascript/solver.js(21,21): error eqeqeq : Expected '===' and instead saw '=='.
javascript/solver.js(21,43): error eqeqeq : Expected '===' and instead saw '=='.
javascript/solver.js(21,63): error eqeqeq : Expected '===' and instead saw '=='.
javascript/solver.js(29,1): warning complexity : Function 'sodokoSolver' has a complexity of 7. Maximum allowed is 1.
javascript/solver.js(32,19): error eqeqeq : Expected '===' and instead saw '=='.
